Using pre-set license
Built from '2021.3/staging' branch; Version is '2021.3.6f1 (7da38d85baf6) revision 8233869'; Using compiler version '192829333'; Build Type 'Release'
OS: 'Windows 11  (10.0.22000) 64bit Core' Language: 'es' Physical Memory: 16221 MB
BatchMode: 1, IsHumanControllingUs: 0, StartBugReporterOnCrash: 0, Is64bit: 1, IsPro: 1

COMMAND LINE ARGUMENTS:
C:\Program Files\Unity installations\2021.3.6f1\Editor\Unity.exe
-adb2
-batchMode
-noUpm
-name
AssetImportWorker0
-projectPath
C:/Users/jvill/Desktop/cosasxd/Unity/IAEspana/IAV23-G13-P1/Proyecto/IAV-P1
-logFile
Logs/AssetImportWorker0.log
-srvPort
52163
Successfully changed project path to: C:/Users/jvill/Desktop/cosasxd/Unity/IAEspana/IAV23-G13-P1/Proyecto/IAV-P1
C:/Users/jvill/Desktop/cosasxd/Unity/IAEspana/IAV23-G13-P1/Proyecto/IAV-P1
[UnityMemory] Configuration Parameters - Can be set up in boot.config
    "memorysetup-bucket-allocator-granularity=16"
    "memorysetup-bucket-allocator-bucket-count=8"
    "memorysetup-bucket-allocator-block-size=33554432"
    "memorysetup-bucket-allocator-block-count=8"
    "memorysetup-main-allocator-block-size=16777216"
    "memorysetup-thread-allocator-block-size=16777216"
    "memorysetup-gfx-main-allocator-block-size=16777216"
    "memorysetup-gfx-thread-allocator-block-size=16777216"
    "memorysetup-cache-allocator-block-size=4194304"
    "memorysetup-typetree-allocator-block-size=2097152"
    "memorysetup-profiler-bucket-allocator-granularity=16"
    "memorysetup-profiler-bucket-allocator-bucket-count=8"
    "memorysetup-profiler-bucket-allocator-block-size=33554432"
    "memorysetup-profiler-bucket-allocator-block-count=8"
    "memorysetup-profiler-allocator-block-size=16777216"
    "memorysetup-profiler-editor-allocator-block-size=1048576"
    "memorysetup-temp-allocator-size-main=16777216"
    "memorysetup-job-temp-allocator-block-size=2097152"
    "memorysetup-job-temp-allocator-block-size-background=1048576"
    "memorysetup-job-temp-allocator-reduction-small-platforms=262144"
    "memorysetup-temp-allocator-size-background-worker=32768"
    "memorysetup-temp-allocator-size-job-worker=262144"
    "memorysetup-temp-allocator-size-preload-manager=33554432"
    "memorysetup-temp-allocator-size-nav-mesh-worker=65536"
    "memorysetup-temp-allocator-size-audio-worker=65536"
    "memorysetup-temp-allocator-size-cloud-worker=32768"
    "memorysetup-temp-allocator-size-gi-baking-worker=262144"
    "memorysetup-temp-allocator-size-gfx=262144"
Refreshing native plugins compatible for Editor in 44.85 ms, found 2 plugins.
Preloading 0 native plugins for Editor in 0.00 ms.
Initialize engine version: 2021.3.6f1 (7da38d85baf6)
[Subsystems] Discovering subsystems at path C:/Program Files/Unity installations/2021.3.6f1/Editor/Data/Resources/UnitySubsystems
[Subsystems] Discovering subsystems at path C:/Users/jvill/Desktop/cosasxd/Unity/IAEspana/IAV23-G13-P1/Proyecto/IAV-P1/Assets
GfxDevice: creating device client; threaded=0; jobified=0
Direct3D:
    Version:  Direct3D 11.0 [level 11.1]
    Renderer: NVIDIA GeForce GTX 1650 (ID=0x1f99)
    Vendor:   NVIDIA
    VRAM:     3962 MB
    Driver:   31.0.15.1694
Initialize mono
Mono path[0] = 'C:/Program Files/Unity installations/2021.3.6f1/Editor/Data/Managed'
Mono path[1] = 'C:/Program Files/Unity installations/2021.3.6f1/Editor/Data/MonoBleedingEdge/lib/mono/unityjit-win32'
Mono config path = 'C:/Program Files/Unity installations/2021.3.6f1/Editor/Data/MonoBleedingEdge/etc'
Using monoOptions --debugger-agent=transport=dt_socket,embedding=1,server=y,suspend=n,address=127.0.0.1:56000
Begin MonoManager ReloadAssembly
Registering precompiled unity dll's ...
Register platform support module: C:/Program Files/Unity installations/2021.3.6f1/Editor/Data/PlaybackEngines/WindowsStandaloneSupport/UnityEditor.WindowsStandalone.Extensions.dll
Registered in 0.004836 seconds.
Native extension for WindowsStandalone target not found
Refreshing native plugins compatible for Editor in 58.91 ms, found 2 plugins.
Preloading 0 native plugins for Editor in 0.00 ms.
Mono: successfully reloaded assembly
- Completed reload, in  1.185 seconds
Domain Reload Profiling:
	ReloadAssembly (1186ms)
		BeginReloadAssembly (92ms)
			ExecutionOrderSort (0ms)
			DisableScriptedObjects (0ms)
			BackupInstance (0ms)
			ReleaseScriptingObjects (0ms)
			CreateAndSetChildDomain (1ms)
		EndReloadAssembly (957ms)
			LoadAssemblies (89ms)
			RebuildTransferFunctionScriptingTraits (0ms)
			SetupTypeCache (164ms)
			ReleaseScriptCaches (0ms)
			RebuildScriptCaches (56ms)
			SetupLoadedEditorAssemblies (647ms)
				LogAssemblyErrors (0ms)
				InitializePlatformSupportModulesInManaged (10ms)
				SetLoadedEditorAssemblies (0ms)
				RefreshPlugins (59ms)
				BeforeProcessingInitializeOnLoad (2ms)
				ProcessInitializeOnLoadAttributes (495ms)
				ProcessInitializeOnLoadMethodAttributes (81ms)
				AfterProcessingInitializeOnLoad (0ms)
				EditorAssembliesLoaded (0ms)
			ExecutionOrderSort2 (0ms)
			AwakeInstancesAfterBackupRestoration (0ms)
Platform modules already initialized, skipping
Registering precompiled user dll's ...
Registered in 0.006617 seconds.
Begin MonoManager ReloadAssembly
OnLevelWasLoaded was found on GestorJuego
This message has been deprecated and will be removed in a later version of Unity.
Add a delegate to SceneManager.sceneLoaded instead to get notifications after scene loading has completed
Native extension for WindowsStandalone target not found
Refreshing native plugins compatible for Editor in 0.63 ms, found 2 plugins.
Preloading 0 native plugins for Editor in 0.00 ms.
Mono: successfully reloaded assembly
- Completed reload, in  1.342 seconds
Domain Reload Profiling:
	ReloadAssembly (1343ms)
		BeginReloadAssembly (187ms)
			ExecutionOrderSort (0ms)
			DisableScriptedObjects (15ms)
			BackupInstance (0ms)
			ReleaseScriptingObjects (0ms)
			CreateAndSetChildDomain (28ms)
		EndReloadAssembly (949ms)
			LoadAssemblies (117ms)
			RebuildTransferFunctionScriptingTraits (0ms)
			SetupTypeCache (278ms)
			ReleaseScriptCaches (1ms)
			RebuildScriptCaches (75ms)
			SetupLoadedEditorAssemblies (431ms)
				LogAssemblyErrors (0ms)
				InitializePlatformSupportModulesInManaged (9ms)
				SetLoadedEditorAssemblies (1ms)
				RefreshPlugins (1ms)
				BeforeProcessingInitializeOnLoad (89ms)
				ProcessInitializeOnLoadAttributes (285ms)
				ProcessInitializeOnLoadMethodAttributes (39ms)
				AfterProcessingInitializeOnLoad (8ms)
				EditorAssembliesLoaded (0ms)
			ExecutionOrderSort2 (0ms)
			AwakeInstancesAfterBackupRestoration (8ms)
Platform modules already initialized, skipping
========================================================================
Worker process is ready to serve import requests
Launched and connected shader compiler UnityShaderCompiler.exe after 0.08 seconds
Refreshing native plugins compatible for Editor in 0.70 ms, found 2 plugins.
Preloading 0 native plugins for Editor in 0.00 ms.
Unloading 1856 Unused Serialized files (Serialized files now loaded: 0)
Unloading 31 unused Assets / (1.3 MB). Loaded Objects now: 2309.
Memory consumption went from 85.0 MB to 83.8 MB.
Total: 5.977000 ms (FindLiveObjects: 0.272300 ms CreateObjectMapping: 0.238100 ms MarkObjects: 5.109500 ms  DeleteObjects: 0.355400 ms)

AssetImportParameters requested are different than current active one (requested -> active):
  custom:video-decoder-ogg-theora: a1e56fd34408186e4bbccfd4996cb3dc -> 
  custom:container-muxer-webm: aa71ff27fc2769a1b78a27578f13a17b -> 
  custom:container-demuxer-webm: 4f35f7cbe854078d1ac9338744f61a02 -> 
  custom:video-encoder-webm-vp8: eb34c28f22e8b96e1ab97ce403110664 -> 
  custom:video-codec-MediaFoundation-h265: 746d11721c4dcdbdad8f713fa42b33f4 -> 
  custom:audio-encoder-webm-vorbis: bf7c407c2cedff20999df2af8eb42d56 -> 
  custom:framework-win-MediaFoundation: 216162199b28c13a410421893ffa2e32 -> 
  custom:container-demuxer-ogg: 62fdf1f143b41e24485cea50d1cbac27 -> 
  custom:video-decoder-webm-vp8: 9c59270c3fd7afecdb556c50c9e8de78 -> 
  custom:audio-decoder-ogg-vorbis: bf7c407c2cedff20999df2af8eb42d56 -> 
========================================================================
Received Import Request.
  Time since last request: 82420.935959 seconds.
  path: Assets/Scenes/Hamelin.unity
  artifactKey: Guid(94b2a3a6b7d78fb43a3c690098f33a60) Importer(815301076,1909f56bfc062723c751e8b465ee728b)
Start importing Assets/Scenes/Hamelin.unity using Guid(94b2a3a6b7d78fb43a3c690098f33a60) Importer(815301076,1909f56bfc062723c751e8b465ee728b)  -> (artifact id: '4691530fd706d2b653056498e236f7e4') in 0.016192 seconds 
========================================================================
Received Import Request.
  Time since last request: 0.000036 seconds.
  path: Assets/Scenes
  artifactKey: Guid(077152e94cda9bf4ebe7896c8c963842) Importer(815301076,1909f56bfc062723c751e8b465ee728b)
Start importing Assets/Scenes using Guid(077152e94cda9bf4ebe7896c8c963842) Importer(815301076,1909f56bfc062723c751e8b465ee728b)  -> (artifact id: 'e8e74b2578f581f6e047bcd9050c8159') in 0.009593 seconds 
========================================================================
Received Import Request.
  Time since last request: 36.509757 seconds.
  path: Assets/Scripts
  artifactKey: Guid(b9074e66711ef1947aaf69a0c912b9d1) Importer(815301076,1909f56bfc062723c751e8b465ee728b)
Start importing Assets/Scripts using Guid(b9074e66711ef1947aaf69a0c912b9d1) Importer(815301076,1909f56bfc062723c751e8b465ee728b)  -> (artifact id: '58c372c8231a5c352644bf476021782e') in 0.018762 seconds 
========================================================================
Received Import Request.
  Time since last request: 4.589282 seconds.
  path: Assets/Scripts/Comportamientos
  artifactKey: Guid(9e0ebbbed37b54d4ca750257895c061c) Importer(815301076,1909f56bfc062723c751e8b465ee728b)
Start importing Assets/Scripts/Comportamientos using Guid(9e0ebbbed37b54d4ca750257895c061c) Importer(815301076,1909f56bfc062723c751e8b465ee728b)  -> (artifact id: 'ffcb81c17d677823574d459b25b2defc') in 0.019819 seconds 
========================================================================
Received Import Request.
  Time since last request: 27.362509 seconds.
  path: Assets/Scripts/Comportamientos/Llegada.cs
  artifactKey: Guid(6fc0c5073ef546042b3ba1dd5b02498a) Importer(815301076,1909f56bfc062723c751e8b465ee728b)
Start importing Assets/Scripts/Comportamientos/Llegada.cs using Guid(6fc0c5073ef546042b3ba1dd5b02498a) Importer(815301076,1909f56bfc062723c751e8b465ee728b)  -> (artifact id: 'a24c7edb4a9b7c180c94323184dd3248') in 0.045152 seconds 
========================================================================
Received Import Request.
  Time since last request: 124.810033 seconds.
  path: Assets/Scripts/Comportamientos/ControlJugador.cs
  artifactKey: Guid(a2cc6c29f650bce45a197b059fea68d2) Importer(815301076,1909f56bfc062723c751e8b465ee728b)
Start importing Assets/Scripts/Comportamientos/ControlJugador.cs using Guid(a2cc6c29f650bce45a197b059fea68d2) Importer(815301076,1909f56bfc062723c751e8b465ee728b)  -> (artifact id: '8b8dac00e3161b8adf4a36fad6ec327d') in 0.014517 seconds 
========================================================================
Received Import Request.
  Time since last request: 13.069308 seconds.
  path: Assets/Scripts/Animaciones
  artifactKey: Guid(5cedb8b3282f0ae4b8a63e0edd03f285) Importer(815301076,1909f56bfc062723c751e8b465ee728b)
Start importing Assets/Scripts/Animaciones using Guid(5cedb8b3282f0ae4b8a63e0edd03f285) Importer(815301076,1909f56bfc062723c751e8b465ee728b)  -> (artifact id: '36a97521dd98535d6e63f5b1913d2615') in 0.017728 seconds 
========================================================================
Received Import Request.
  Time since last request: 99.540515 seconds.
  path: Assets/Scripts/Agente.cs
  artifactKey: Guid(e27b1398245256a4aa176c4cad05e629) Importer(815301076,1909f56bfc062723c751e8b465ee728b)
Start importing Assets/Scripts/Agente.cs using Guid(e27b1398245256a4aa176c4cad05e629) Importer(815301076,1909f56bfc062723c751e8b465ee728b)  -> (artifact id: 'adf497cac6c75c6ac64c33e96a777aa0') in 0.007330 seconds 
========================================================================
Received Import Request.
  Time since last request: 2.802466 seconds.
  path: Assets/Scripts/GestorJuego.cs
  artifactKey: Guid(c285827bcb0749c489edf5de9eb92770) Importer(815301076,1909f56bfc062723c751e8b465ee728b)
Start importing Assets/Scripts/GestorJuego.cs using Guid(c285827bcb0749c489edf5de9eb92770) Importer(815301076,1909f56bfc062723c751e8b465ee728b)  -> (artifact id: '027bd1d6ecb711118f18eb5fe36aae14') in 0.017747 seconds 
========================================================================
Received Import Request.
  Time since last request: 107.733207 seconds.
  path: Assets/Scripts/Comportamientos/Separacion.cs
  artifactKey: Guid(7c1fd1036b200c341a7549fe5c2119d4) Importer(815301076,1909f56bfc062723c751e8b465ee728b)
Start importing Assets/Scripts/Comportamientos/Separacion.cs using Guid(7c1fd1036b200c341a7549fe5c2119d4) Importer(815301076,1909f56bfc062723c751e8b465ee728b)  -> (artifact id: '86241207c9472f9c7cc8b6f07d363dce') in 0.008098 seconds 
========================================================================
Received Prepare
Registering precompiled user dll's ...
Registered in 0.003723 seconds.
Begin MonoManager ReloadAssembly
Native extension for WindowsStandalone target not found
Refreshing native plugins compatible for Editor in 0.39 ms, found 2 plugins.
Preloading 0 native plugins for Editor in 0.00 ms.
Mono: successfully reloaded assembly
- Completed reload, in  1.391 seconds
Domain Reload Profiling:
	ReloadAssembly (1392ms)
		BeginReloadAssembly (164ms)
			ExecutionOrderSort (0ms)
			DisableScriptedObjects (8ms)
			BackupInstance (0ms)
			ReleaseScriptingObjects (0ms)
			CreateAndSetChildDomain (45ms)
		EndReloadAssembly (1061ms)
			LoadAssemblies (107ms)
			RebuildTransferFunctionScriptingTraits (0ms)
			SetupTypeCache (295ms)
			ReleaseScriptCaches (1ms)
			RebuildScriptCaches (52ms)
			SetupLoadedEditorAssemblies (533ms)
				LogAssemblyErrors (0ms)
				InitializePlatformSupportModulesInManaged (16ms)
				SetLoadedEditorAssemblies (1ms)
				RefreshPlugins (0ms)
				BeforeProcessingInitializeOnLoad (77ms)
				ProcessInitializeOnLoadAttributes (389ms)
				ProcessInitializeOnLoadMethodAttributes (42ms)
				AfterProcessingInitializeOnLoad (8ms)
				EditorAssembliesLoaded (0ms)
			ExecutionOrderSort2 (0ms)
			AwakeInstancesAfterBackupRestoration (9ms)
Platform modules already initialized, skipping
OnLevelWasLoaded was found on GestorJuego
This message has been deprecated and will be removed in a later version of Unity.
Add a delegate to SceneManager.sceneLoaded instead to get notifications after scene loading has completed
Refreshing native plugins compatible for Editor in 2.19 ms, found 2 plugins.
Preloading 0 native plugins for Editor in 0.00 ms.
Unloading 1823 Unused Serialized files (Serialized files now loaded: 0)
Unloading 24 unused Assets / (1.2 MB). Loaded Objects now: 2312.
Memory consumption went from 82.1 MB to 80.8 MB.
Total: 3.998200 ms (FindLiveObjects: 0.172600 ms CreateObjectMapping: 0.078800 ms MarkObjects: 3.505200 ms  DeleteObjects: 0.240500 ms)

AssetImportParameters requested are different than current active one (requested -> active):
  custom:video-decoder-ogg-theora: a1e56fd34408186e4bbccfd4996cb3dc -> 
  custom:container-muxer-webm: aa71ff27fc2769a1b78a27578f13a17b -> 
  custom:container-demuxer-webm: 4f35f7cbe854078d1ac9338744f61a02 -> 
  custom:video-encoder-webm-vp8: eb34c28f22e8b96e1ab97ce403110664 -> 
  custom:video-codec-MediaFoundation-h265: 746d11721c4dcdbdad8f713fa42b33f4 -> 
  custom:audio-encoder-webm-vorbis: bf7c407c2cedff20999df2af8eb42d56 -> 
  custom:framework-win-MediaFoundation: 216162199b28c13a410421893ffa2e32 -> 
  custom:container-demuxer-ogg: 62fdf1f143b41e24485cea50d1cbac27 -> 
  custom:video-decoder-webm-vp8: 9c59270c3fd7afecdb556c50c9e8de78 -> 
  custom:audio-decoder-ogg-vorbis: bf7c407c2cedff20999df2af8eb42d56 -> 
========================================================================
Received Import Request.
  Time since last request: 119.837005 seconds.
  path: Assets/Scripts/Comportamientos/TocarFlauta.cs
  artifactKey: Guid(ae158f1095ff9d94ba5212019bf84115) Importer(815301076,1909f56bfc062723c751e8b465ee728b)
Start importing Assets/Scripts/Comportamientos/TocarFlauta.cs using Guid(ae158f1095ff9d94ba5212019bf84115) Importer(815301076,1909f56bfc062723c751e8b465ee728b)  -> (artifact id: 'f4d4bdb79757350ccdc34de90fe16834') in 0.011084 seconds 
========================================================================
Received Import Request.
  Time since last request: 22.814954 seconds.
  path: Assets/Prefabs/ArbolA.prefab
  artifactKey: Guid(d484baec5db0a944e81bc9394647fb15) Importer(815301076,1909f56bfc062723c751e8b465ee728b)
Start importing Assets/Prefabs/ArbolA.prefab using Guid(d484baec5db0a944e81bc9394647fb15) Importer(815301076,1909f56bfc062723c751e8b465ee728b)  -> (artifact id: '147cd65c4c0984077c54d0451a12ab91') in 0.515814 seconds 
========================================================================
Received Import Request.
  Time since last request: 0.000028 seconds.
  path: Assets/Prefabs/FlautaEffect.prefab
  artifactKey: Guid(a0e6008da080f9542870694a5f0d113e) Importer(815301076,1909f56bfc062723c751e8b465ee728b)
Start importing Assets/Prefabs/FlautaEffect.prefab using Guid(a0e6008da080f9542870694a5f0d113e) Importer(815301076,1909f56bfc062723c751e8b465ee728b)  -> (artifact id: 'd24642b744ab56ac7592c9dc957de74a') in 2.545874 seconds 
